  ShapeMeshes.cpp
C:\Users\Gonzalo\Documents\CS 330\Zip\7-1\CS330Content\CS330Content\3DShapes\ShapeMeshes.cpp(418,59): warning C4305: 'initializing': truncation from 'double' to 'GLfloat'
C:\Users\Gonzalo\Documents\CS 330\Zip\7-1\CS330Content\CS330Content\3DShapes\ShapeMeshes.cpp(420,59): warning C4305: 'initializing': truncation from 'double' to 'GLfloat'
C:\Users\Gonzalo\Documents\CS 330\Zip\7-1\CS330Content\CS330Content\3DShapes\ShapeMeshes.cpp(421,59): warning C4305: 'initializing': truncation from 'double' to 'GLfloat'
C:\Users\Gonzalo\Documents\CS 330\Zip\7-1\CS330Content\CS330Content\3DShapes\ShapeMeshes.cpp(422,59): warning C4305: 'initializing': truncation from 'double' to 'GLfloat'
C:\Users\Gonzalo\Documents\CS 330\Zip\7-1\CS330Content\CS330Content\3DShapes\ShapeMeshes.cpp(423,59): warning C4305: 'initializing': truncation from 'double' to 'GLfloat'
C:\Users\Gonzalo\Documents\CS 330\Zip\7-1\CS330Content\CS330Content\3DShapes\ShapeMeshes.cpp(424,59): warning C4305: 'initializing': truncation from 'double' to 'GLfloat'
C:\Users\Gonzalo\Documents\CS 330\Zip\7-1\CS330Content\CS330Content\3DShapes\ShapeMeshes.cpp(425,59): warning C4305: 'initializing': truncation from 'double' to 'GLfloat'
C:\Users\Gonzalo\Documents\CS 330\Zip\7-1\CS330Content\CS330Content\3DShapes\ShapeMeshes.cpp(426,58): warning C4305: 'initializing': truncation from 'double' to 'GLfloat'
C:\Users\Gonzalo\Documents\CS 330\Zip\7-1\CS330Content\CS330Content\3DShapes\ShapeMeshes.cpp(427,59): warning C4305: 'initializing': truncation from 'double' to 'GLfloat'
C:\Users\Gonzalo\Documents\CS 330\Zip\7-1\CS330Content\CS330Content\3DShapes\ShapeMeshes.cpp(428,58): warning C4305: 'initializing': truncation from 'double' to 'GLfloat'
C:\Users\Gonzalo\Documents\CS 330\Zip\7-1\CS330Content\CS330Content\3DShapes\ShapeMeshes.cpp(429,58): warning C4305: 'initializing': truncation from 'double' to 'GLfloat'
C:\Users\Gonzalo\Documents\CS 330\Zip\7-1\CS330Content\CS330Content\3DShapes\ShapeMeshes.cpp(430,59): warning C4305: 'initializing': truncation from 'double' to 'GLfloat'
C:\Users\Gonzalo\Documents\CS 330\Zip\7-1\CS330Content\CS330Content\3DShapes\ShapeMeshes.cpp(431,58): warning C4305: 'initializing': truncation from 'double' to 'GLfloat'
C:\Users\Gonzalo\Documents\CS 330\Zip\7-1\CS330Content\CS330Content\3DShapes\ShapeMeshes.cpp(432,59): warning C4305: 'initializing': truncation from 'double' to 'GLfloat'
C:\Users\Gonzalo\Documents\CS 330\Zip\7-1\CS330Content\CS330Content\3DShapes\ShapeMeshes.cpp(433,59): warning C4305: 'initializing': truncation from 'double' to 'GLfloat'
C:\Users\Gonzalo\Documents\CS 330\Zip\7-1\CS330Content\CS330Content\3DShapes\ShapeMeshes.cpp(434,59): warning C4305: 'initializing': truncation from 'double' to 'GLfloat'
C:\Users\Gonzalo\Documents\CS 330\Zip\7-1\CS330Content\CS330Content\3DShapes\ShapeMeshes.cpp(435,59): warning C4305: 'initializing': truncation from 'double' to 'GLfloat'
C:\Users\Gonzalo\Documents\CS 330\Zip\7-1\CS330Content\CS330Content\3DShapes\ShapeMeshes.cpp(436,59): warning C4305: 'initializing': truncation from 'double' to 'GLfloat'
C:\Users\Gonzalo\Documents\CS 330\Zip\7-1\CS330Content\CS330Content\3DShapes\ShapeMeshes.cpp(437,59): warning C4305: 'initializing': truncation from 'double' to 'GLfloat'
C:\Users\Gonzalo\Documents\CS 330\Zip\7-1\CS330Content\CS330Content\3DShapes\ShapeMeshes.cpp(438,58): warning C4305: 'initializing': truncation from 'double' to 'GLfloat'
C:\Users\Gonzalo\Documents\CS 330\Zip\7-1\CS330Content\CS330Content\3DShapes\ShapeMeshes.cpp(439,59): warning C4305: 'initializing': truncation from 'double' to 'GLfloat'
C:\Users\Gonzalo\Documents\CS 330\Zip\7-1\CS330Content\CS330Content\3DShapes\ShapeMeshes.cpp(440,58): warning C4305: 'initializing': truncation from 'double' to 'GLfloat'
C:\Users\Gonzalo\Documents\CS 330\Zip\7-1\CS330Content\CS330Content\3DShapes\ShapeMeshes.cpp(441,58): warning C4305: 'initializing': truncation from 'double' to 'GLfloat'
C:\Users\Gonzalo\Documents\CS 330\Zip\7-1\CS330Content\CS330Content\3DShapes\ShapeMeshes.cpp(442,59): warning C4305: 'initializing': truncation from 'double' to 'GLfloat'
C:\Users\Gonzalo\Documents\CS 330\Zip\7-1\CS330Content\CS330Content\3DShapes\ShapeMeshes.cpp(443,58): warning C4305: 'initializing': truncation from 'double' to 'GLfloat'
C:\Users\Gonzalo\Documents\CS 330\Zip\7-1\CS330Content\CS330Content\3DShapes\ShapeMeshes.cpp(444,59): warning C4305: 'initializing': truncation from 'double' to 'GLfloat'
C:\Users\Gonzalo\Documents\CS 330\Zip\7-1\CS330Content\CS330Content\3DShapes\ShapeMeshes.cpp(445,59): warning C4305: 'initializing': truncation from 'double' to 'GLfloat'
C:\Users\Gonzalo\Documents\CS 330\Zip\7-1\CS330Content\CS330Content\3DShapes\ShapeMeshes.cpp(446,59): warning C4305: 'initializing': truncation from 'double' to 'GLfloat'
C:\Users\Gonzalo\Documents\CS 330\Zip\7-1\CS330Content\CS330Content\3DShapes\ShapeMeshes.cpp(447,59): warning C4305: 'initializing': truncation from 'double' to 'GLfloat'
C:\Users\Gonzalo\Documents\CS 330\Zip\7-1\CS330Content\CS330Content\3DShapes\ShapeMeshes.cpp(448,59): warning C4305: 'initializing': truncation from 'double' to 'GLfloat'
C:\Users\Gonzalo\Documents\CS 330\Zip\7-1\CS330Content\CS330Content\3DShapes\ShapeMeshes.cpp(449,59): warning C4305: 'initializing': truncation from 'double' to 'GLfloat'
C:\Users\Gonzalo\Documents\CS 330\Zip\7-1\CS330Content\CS330Content\3DShapes\ShapeMeshes.cpp(450,58): warning C4305: 'initializing': truncation from 'double' to 'GLfloat'
C:\Users\Gonzalo\Documents\CS 330\Zip\7-1\CS330Content\CS330Content\3DShapes\ShapeMeshes.cpp(451,59): warning C4305: 'initializing': truncation from 'double' to 'GLfloat'
C:\Users\Gonzalo\Documents\CS 330\Zip\7-1\CS330Content\CS330Content\3DShapes\ShapeMeshes.cpp(452,58): warning C4305: 'initializing': truncation from 'double' to 'GLfloat'
C:\Users\Gonzalo\Documents\CS 330\Zip\7-1\CS330Content\CS330Content\3DShapes\ShapeMeshes.cpp(453,58): warning C4305: 'initializing': truncation from 'double' to 'GLfloat'
C:\Users\Gonzalo\Documents\CS 330\Zip\7-1\CS330Content\CS330Content\3DShapes\ShapeMeshes.cpp(454,60): warning C4305: 'initializing': truncation from 'double' to 'GLfloat'
C:\Users\Gonzalo\Documents\CS 330\Zip\7-1\CS330Content\CS330Content\3DShapes\ShapeMeshes.cpp(455,59): warning C4305: 'initializing': truncation from 'double' to 'GLfloat'
C:\Users\Gonzalo\Documents\CS 330\Zip\7-1\CS330Content\CS330Content\3DShapes\ShapeMeshes.cpp(456,60): warning C4305: 'initializing': truncation from 'double' to 'GLfloat'
C:\Users\Gonzalo\Documents\CS 330\Zip\7-1\CS330Content\CS330Content\3DShapes\ShapeMeshes.cpp(457,60): warning C4305: 'initializing': truncation from 'double' to 'GLfloat'
C:\Users\Gonzalo\Documents\CS 330\Zip\7-1\CS330Content\CS330Content\3DShapes\ShapeMeshes.cpp(458,60): warning C4305: 'initializing': truncation from 'double' to 'GLfloat'
C:\Users\Gonzalo\Documents\CS 330\Zip\7-1\CS330Content\CS330Content\3DShapes\ShapeMeshes.cpp(459,60): warning C4305: 'initializing': truncation from 'double' to 'GLfloat'
C:\Users\Gonzalo\Documents\CS 330\Zip\7-1\CS330Content\CS330Content\3DShapes\ShapeMeshes.cpp(460,60): warning C4305: 'initializing': truncation from 'double' to 'GLfloat'
C:\Users\Gonzalo\Documents\CS 330\Zip\7-1\CS330Content\CS330Content\3DShapes\ShapeMeshes.cpp(461,60): warning C4305: 'initializing': truncation from 'double' to 'GLfloat'
C:\Users\Gonzalo\Documents\CS 330\Zip\7-1\CS330Content\CS330Content\3DShapes\ShapeMeshes.cpp(462,60): warning C4305: 'initializing': truncation from 'double' to 'GLfloat'
C:\Users\Gonzalo\Documents\CS 330\Zip\7-1\CS330Content\CS330Content\3DShapes\ShapeMeshes.cpp(463,60): warning C4305: 'initializing': truncation from 'double' to 'GLfloat'
C:\Users\Gonzalo\Documents\CS 330\Zip\7-1\CS330Content\CS330Content\3DShapes\ShapeMeshes.cpp(464,60): warning C4305: 'initializing': truncation from 'double' to 'GLfloat'
C:\Users\Gonzalo\Documents\CS 330\Zip\7-1\CS330Content\CS330Content\3DShapes\ShapeMeshes.cpp(465,60): warning C4305: 'initializing': truncation from 'double' to 'GLfloat'
C:\Users\Gonzalo\Documents\CS 330\Zip\7-1\CS330Content\CS330Content\3DShapes\ShapeMeshes.cpp(466,60): warning C4305: 'initializing': truncation from 'double' to 'GLfloat'
C:\Users\Gonzalo\Documents\CS 330\Zip\7-1\CS330Content\CS330Content\3DShapes\ShapeMeshes.cpp(467,60): warning C4305: 'initializing': truncation from 'double' to 'GLfloat'
C:\Users\Gonzalo\Documents\CS 330\Zip\7-1\CS330Content\CS330Content\3DShapes\ShapeMeshes.cpp(468,60): warning C4305: 'initializing': truncation from 'double' to 'GLfloat'
C:\Users\Gonzalo\Documents\CS 330\Zip\7-1\CS330Content\CS330Content\3DShapes\ShapeMeshes.cpp(469,60): warning C4305: 'initializing': truncation from 'double' to 'GLfloat'
C:\Users\Gonzalo\Documents\CS 330\Zip\7-1\CS330Content\CS330Content\3DShapes\ShapeMeshes.cpp(470,60): warning C4305: 'initializing': truncation from 'double' to 'GLfloat'
C:\Users\Gonzalo\Documents\CS 330\Zip\7-1\CS330Content\CS330Content\3DShapes\ShapeMeshes.cpp(471,60): warning C4305: 'initializing': truncation from 'double' to 'GLfloat'
C:\Users\Gonzalo\Documents\CS 330\Zip\7-1\CS330Content\CS330Content\3DShapes\ShapeMeshes.cpp(472,60): warning C4305: 'initializing': truncation from 'double' to 'GLfloat'
C:\Users\Gonzalo\Documents\CS 330\Zip\7-1\CS330Content\CS330Content\3DShapes\ShapeMeshes.cpp(473,60): warning C4305: 'initializing': truncation from 'double' to 'GLfloat'
C:\Users\Gonzalo\Documents\CS 330\Zip\7-1\CS330Content\CS330Content\3DShapes\ShapeMeshes.cpp(474,60): warning C4305: 'initializing': truncation from 'double' to 'GLfloat'
C:\Users\Gonzalo\Documents\CS 330\Zip\7-1\CS330Content\CS330Content\3DShapes\ShapeMeshes.cpp(475,60): warning C4305: 'initializing': truncation from 'double' to 'GLfloat'
C:\Users\Gonzalo\Documents\CS 330\Zip\7-1\CS330Content\CS330Content\3DShapes\ShapeMeshes.cpp(476,60): warning C4305: 'initializing': truncation from 'double' to 'GLfloat'
C:\Users\Gonzalo\Documents\CS 330\Zip\7-1\CS330Content\CS330Content\3DShapes\ShapeMeshes.cpp(477,60): warning C4305: 'initializing': truncation from 'double' to 'GLfloat'
C:\Users\Gonzalo\Documents\CS 330\Zip\7-1\CS330Content\CS330Content\3DShapes\ShapeMeshes.cpp(478,60): warning C4305: 'initializing': truncation from 'double' to 'GLfloat'
C:\Users\Gonzalo\Documents\CS 330\Zip\7-1\CS330Content\CS330Content\3DShapes\ShapeMeshes.cpp(479,60): warning C4305: 'initializing': truncation from 'double' to 'GLfloat'
C:\Users\Gonzalo\Documents\CS 330\Zip\7-1\CS330Content\CS330Content\3DShapes\ShapeMeshes.cpp(480,60): warning C4305: 'initializing': truncation from 'double' to 'GLfloat'
C:\Users\Gonzalo\Documents\CS 330\Zip\7-1\CS330Content\CS330Content\3DShapes\ShapeMeshes.cpp(481,60): warning C4305: 'initializing': truncation from 'double' to 'GLfloat'
C:\Users\Gonzalo\Documents\CS 330\Zip\7-1\CS330Content\CS330Content\3DShapes\ShapeMeshes.cpp(482,60): warning C4305: 'initializing': truncation from 'double' to 'GLfloat'
C:\Users\Gonzalo\Documents\CS 330\Zip\7-1\CS330Content\CS330Content\3DShapes\ShapeMeshes.cpp(483,60): warning C4305: 'initializing': truncation from 'double' to 'GLfloat'
C:\Users\Gonzalo\Documents\CS 330\Zip\7-1\CS330Content\CS330Content\3DShapes\ShapeMeshes.cpp(484,60): warning C4305: 'initializing': truncation from 'double' to 'GLfloat'
C:\Users\Gonzalo\Documents\CS 330\Zip\7-1\CS330Content\CS330Content\3DShapes\ShapeMeshes.cpp(485,60): warning C4305: 'initializing': truncation from 'double' to 'GLfloat'
C:\Users\Gonzalo\Documents\CS 330\Zip\7-1\CS330Content\CS330Content\3DShapes\ShapeMeshes.cpp(486,59): warning C4305: 'initializing': truncation from 'double' to 'GLfloat'
C:\Users\Gonzalo\Documents\CS 330\Zip\7-1\CS330Content\CS330Content\3DShapes\ShapeMeshes.cpp(487,60): warning C4305: 'initializing': truncation from 'double' to 'GLfloat'
C:\Users\Gonzalo\Documents\CS 330\Zip\7-1\CS330Content\CS330Content\3DShapes\ShapeMeshes.cpp(488,59): warning C4305: 'initializing': truncation from 'double' to 'GLfloat'
C:\Users\Gonzalo\Documents\CS 330\Zip\7-1\CS330Content\CS330Content\3DShapes\ShapeMeshes.cpp(489,59): warning C4305: 'initializing': truncation from 'double' to 'GLfloat'
C:\Users\Gonzalo\Documents\CS 330\Zip\7-1\CS330Content\CS330Content\3DShapes\ShapeMeshes.cpp(490,59): warning C4305: 'initializing': truncation from 'double' to 'GLfloat'
C:\Users\Gonzalo\Documents\CS 330\Zip\7-1\CS330Content\CS330Content\3DShapes\ShapeMeshes.cpp(491,58): warning C4305: 'initializing': truncation from 'double' to 'GLfloat'
C:\Users\Gonzalo\Documents\CS 330\Zip\7-1\CS330Content\CS330Content\3DShapes\ShapeMeshes.cpp(492,59): warning C4305: 'initializing': truncation from 'double' to 'GLfloat'
C:\Users\Gonzalo\Documents\CS 330\Zip\7-1\CS330Content\CS330Content\3DShapes\ShapeMeshes.cpp(493,59): warning C4305: 'initializing': truncation from 'double' to 'GLfloat'
C:\Users\Gonzalo\Documents\CS 330\Zip\7-1\CS330Content\CS330Content\3DShapes\ShapeMeshes.cpp(494,59): warning C4305: 'initializing': truncation from 'double' to 'GLfloat'
C:\Users\Gonzalo\Documents\CS 330\Zip\7-1\CS330Content\CS330Content\3DShapes\ShapeMeshes.cpp(495,59): warning C4305: 'initializing': truncation from 'double' to 'GLfloat'
C:\Users\Gonzalo\Documents\CS 330\Zip\7-1\CS330Content\CS330Content\3DShapes\ShapeMeshes.cpp(496,59): warning C4305: 'initializing': truncation from 'double' to 'GLfloat'
C:\Users\Gonzalo\Documents\CS 330\Zip\7-1\CS330Content\CS330Content\3DShapes\ShapeMeshes.cpp(497,59): warning C4305: 'initializing': truncation from 'double' to 'GLfloat'
C:\Users\Gonzalo\Documents\CS 330\Zip\7-1\CS330Content\CS330Content\3DShapes\ShapeMeshes.cpp(498,58): warning C4305: 'initializing': truncation from 'double' to 'GLfloat'
C:\Users\Gonzalo\Documents\CS 330\Zip\7-1\CS330Content\CS330Content\3DShapes\ShapeMeshes.cpp(499,59): warning C4305: 'initializing': truncation from 'double' to 'GLfloat'
C:\Users\Gonzalo\Documents\CS 330\Zip\7-1\CS330Content\CS330Content\3DShapes\ShapeMeshes.cpp(500,58): warning C4305: 'initializing': truncation from 'double' to 'GLfloat'
C:\Users\Gonzalo\Documents\CS 330\Zip\7-1\CS330Content\CS330Content\3DShapes\ShapeMeshes.cpp(501,58): warning C4305: 'initializing': truncation from 'double' to 'GLfloat'
C:\Users\Gonzalo\Documents\CS 330\Zip\7-1\CS330Content\CS330Content\3DShapes\ShapeMeshes.cpp(502,59): warning C4305: 'initializing': truncation from 'double' to 'GLfloat'
C:\Users\Gonzalo\Documents\CS 330\Zip\7-1\CS330Content\CS330Content\3DShapes\ShapeMeshes.cpp(503,58): warning C4305: 'initializing': truncation from 'double' to 'GLfloat'
C:\Users\Gonzalo\Documents\CS 330\Zip\7-1\CS330Content\CS330Content\3DShapes\ShapeMeshes.cpp(504,59): warning C4305: 'initializing': truncation from 'double' to 'GLfloat'
C:\Users\Gonzalo\Documents\CS 330\Zip\7-1\CS330Content\CS330Content\3DShapes\ShapeMeshes.cpp(505,59): warning C4305: 'initializing': truncation from 'double' to 'GLfloat'
C:\Users\Gonzalo\Documents\CS 330\Zip\7-1\CS330Content\CS330Content\3DShapes\ShapeMeshes.cpp(506,59): warning C4305: 'initializing': truncation from 'double' to 'GLfloat'
C:\Users\Gonzalo\Documents\CS 330\Zip\7-1\CS330Content\CS330Content\3DShapes\ShapeMeshes.cpp(507,59): warning C4305: 'initializing': truncation from 'double' to 'GLfloat'
C:\Users\Gonzalo\Documents\CS 330\Zip\7-1\CS330Content\CS330Content\3DShapes\ShapeMeshes.cpp(508,59): warning C4305: 'initializing': truncation from 'double' to 'GLfloat'
C:\Users\Gonzalo\Documents\CS 330\Zip\7-1\CS330Content\CS330Content\3DShapes\ShapeMeshes.cpp(509,59): warning C4305: 'initializing': truncation from 'double' to 'GLfloat'
C:\Users\Gonzalo\Documents\CS 330\Zip\7-1\CS330Content\CS330Content\3DShapes\ShapeMeshes.cpp(510,58): warning C4305: 'initializing': truncation from 'double' to 'GLfloat'
C:\Users\Gonzalo\Documents\CS 330\Zip\7-1\CS330Content\CS330Content\3DShapes\ShapeMeshes.cpp(511,59): warning C4305: 'initializing': truncation from 'double' to 'GLfloat'
C:\Users\Gonzalo\Documents\CS 330\Zip\7-1\CS330Content\CS330Content\3DShapes\ShapeMeshes.cpp(512,58): warning C4305: 'initializing': truncation from 'double' to 'GLfloat'
C:\Users\Gonzalo\Documents\CS 330\Zip\7-1\CS330Content\CS330Content\3DShapes\ShapeMeshes.cpp(513,58): warning C4305: 'initializing': truncation from 'double' to 'GLfloat'
C:\Users\Gonzalo\Documents\CS 330\Zip\7-1\CS330Content\CS330Content\3DShapes\ShapeMeshes.cpp(514,59): warning C4305: 'initializing': truncation from 'double' to 'GLfloat'
C:\Users\Gonzalo\Documents\CS 330\Zip\7-1\CS330Content\CS330Content\3DShapes\ShapeMeshes.cpp(515,58): warning C4305: 'initializing': truncation from 'double' to 'GLfloat'
C:\Users\Gonzalo\Documents\CS 330\Zip\7-1\CS330Content\CS330Content\3DShapes\ShapeMeshes.cpp(516,59): warning C4305: 'initializing': truncation from 'double' to 'GLfloat'
C:\Users\Gonzalo\Documents\CS 330\Zip\7-1\CS330Content\CS330Content\3DShapes\ShapeMeshes.cpp(517,59): warning C4305: 'initializing': truncation from 'double' to 'GLfloat'
C:\Users\Gonzalo\Documents\CS 330\Zip\7-1\CS330Content\CS330Content\3DShapes\ShapeMeshes.cpp(518,59): warning C4305: 'initializing': truncation from 'double' to 'GLfloat'
C:\Users\Gonzalo\Documents\CS 330\Zip\7-1\CS330Content\CS330Content\3DShapes\ShapeMeshes.cpp(519,59): warning C4305: 'initializing': truncation from 'double' to 'GLfloat'
C:\Users\Gonzalo\Documents\CS 330\Zip\7-1\CS330Content\CS330Content\3DShapes\ShapeMeshes.cpp(520,59): warning C4305: 'initializing': truncation from 'double' to 'GLfloat'
C:\Users\Gonzalo\Documents\CS 330\Zip\7-1\CS330Content\CS330Content\3DShapes\ShapeMeshes.cpp(521,59): warning C4305: 'initializing': truncation from 'double' to 'GLfloat'
C:\Users\Gonzalo\Documents\CS 330\Zip\7-1\CS330Content\CS330Content\3DShapes\ShapeMeshes.cpp(522,56): warning C4305: 'initializing': truncation from 'double' to 'GLfloat'
C:\Users\Gonzalo\Documents\CS 330\Zip\7-1\CS330Content\CS330Content\3DShapes\ShapeMeshes.cpp(523,59): warning C4305: 'initializing': truncation from 'double' to 'GLfloat'
C:\Users\Gonzalo\Documents\CS 330\Zip\7-1\CS330Content\CS330Content\3DShapes\ShapeMeshes.cpp(524,56): warning C4305: 'initializing': truncation from 'double' to 'GLfloat'
C:\Users\Gonzalo\Documents\CS 330\Zip\7-1\CS330Content\CS330Content\3DShapes\ShapeMeshes.cpp(525,56): warning C4305: 'initializing': truncation from 'double' to 'GLfloat'
C:\Users\Gonzalo\Documents\CS 330\Zip\7-1\CS330Content\CS330Content\3DShapes\ShapeMeshes.cpp(526,57): warning C4305: 'initializing': truncation from 'double' to 'GLfloat'
C:\Users\Gonzalo\Documents\CS 330\Zip\7-1\CS330Content\CS330Content\3DShapes\ShapeMeshes.cpp(527,56): warning C4305: 'initializing': truncation from 'double' to 'GLfloat'
C:\Users\Gonzalo\Documents\CS 330\Zip\7-1\CS330Content\CS330Content\3DShapes\ShapeMeshes.cpp(528,57): warning C4305: 'initializing': truncation from 'double' to 'GLfloat'
C:\Users\Gonzalo\Documents\CS 330\Zip\7-1\CS330Content\CS330Content\3DShapes\ShapeMeshes.cpp(529,57): warning C4305: 'initializing': truncation from 'double' to 'GLfloat'
C:\Users\Gonzalo\Documents\CS 330\Zip\7-1\CS330Content\CS330Content\3DShapes\ShapeMeshes.cpp(530,57): warning C4305: 'initializing': truncation from 'double' to 'GLfloat'
C:\Users\Gonzalo\Documents\CS 330\Zip\7-1\CS330Content\CS330Content\3DShapes\ShapeMeshes.cpp(531,57): warning C4305: 'initializing': truncation from 'double' to 'GLfloat'
C:\Users\Gonzalo\Documents\CS 330\Zip\7-1\CS330Content\CS330Content\3DShapes\ShapeMeshes.cpp(532,57): warning C4305: 'initializing': truncation from 'double' to 'GLfloat'
C:\Users\Gonzalo\Documents\CS 330\Zip\7-1\CS330Content\CS330Content\3DShapes\ShapeMeshes.cpp(533,57): warning C4305: 'initializing': truncation from 'double' to 'GLfloat'
C:\Users\Gonzalo\Documents\CS 330\Zip\7-1\CS330Content\CS330Content\3DShapes\ShapeMeshes.cpp(534,56): warning C4305: 'initializing': truncation from 'double' to 'GLfloat'
C:\Users\Gonzalo\Documents\CS 330\Zip\7-1\CS330Content\CS330Content\3DShapes\ShapeMeshes.cpp(535,57): warning C4305: 'initializing': truncation from 'double' to 'GLfloat'
C:\Users\Gonzalo\Documents\CS 330\Zip\7-1\CS330Content\CS330Content\3DShapes\ShapeMeshes.cpp(536,56): warning C4305: 'initializing': truncation from 'double' to 'GLfloat'
C:\Users\Gonzalo\Documents\CS 330\Zip\7-1\CS330Content\CS330Content\3DShapes\ShapeMeshes.cpp(537,56): warning C4305: 'initializing': truncation from 'double' to 'GLfloat'
C:\Users\Gonzalo\Documents\CS 330\Zip\7-1\CS330Content\CS330Content\3DShapes\ShapeMeshes.cpp(538,57): warning C4305: 'initializing': truncation from 'double' to 'GLfloat'
C:\Users\Gonzalo\Documents\CS 330\Zip\7-1\CS330Content\CS330Content\3DShapes\ShapeMeshes.cpp(539,56): warning C4305: 'initializing': truncation from 'double' to 'GLfloat'
C:\Users\Gonzalo\Documents\CS 330\Zip\7-1\CS330Content\CS330Content\3DShapes\ShapeMeshes.cpp(540,57): warning C4305: 'initializing': truncation from 'double' to 'GLfloat'
C:\Users\Gonzalo\Documents\CS 330\Zip\7-1\CS330Content\CS330Content\3DShapes\ShapeMeshes.cpp(541,57): warning C4305: 'initializing': truncation from 'double' to 'GLfloat'
C:\Users\Gonzalo\Documents\CS 330\Zip\7-1\CS330Content\CS330Content\3DShapes\ShapeMeshes.cpp(542,57): warning C4305: 'initializing': truncation from 'double' to 'GLfloat'
C:\Users\Gonzalo\Documents\CS 330\Zip\7-1\CS330Content\CS330Content\3DShapes\ShapeMeshes.cpp(543,57): warning C4305: 'initializing': truncation from 'double' to 'GLfloat'
C:\Users\Gonzalo\Documents\CS 330\Zip\7-1\CS330Content\CS330Content\3DShapes\ShapeMeshes.cpp(544,57): warning C4305: 'initializing': truncation from 'double' to 'GLfloat'
C:\Users\Gonzalo\Documents\CS 330\Zip\7-1\CS330Content\CS330Content\3DShapes\ShapeMeshes.cpp(545,57): warning C4305: 'initializing': truncation from 'double' to 'GLfloat'
C:\Users\Gonzalo\Documents\CS 330\Zip\7-1\CS330Content\CS330Content\3DShapes\ShapeMeshes.cpp(546,56): warning C4305: 'initializing': truncation from 'double' to 'GLfloat'
C:\Users\Gonzalo\Documents\CS 330\Zip\7-1\CS330Content\CS330Content\3DShapes\ShapeMeshes.cpp(547,57): warning C4305: 'initializing': truncation from 'double' to 'GLfloat'
C:\Users\Gonzalo\Documents\CS 330\Zip\7-1\CS330Content\CS330Content\3DShapes\ShapeMeshes.cpp(548,56): warning C4305: 'initializing': truncation from 'double' to 'GLfloat'
C:\Users\Gonzalo\Documents\CS 330\Zip\7-1\CS330Content\CS330Content\3DShapes\ShapeMeshes.cpp(549,56): warning C4305: 'initializing': truncation from 'double' to 'GLfloat'
C:\Users\Gonzalo\Documents\CS 330\Zip\7-1\CS330Content\CS330Content\3DShapes\ShapeMeshes.cpp(550,57): warning C4305: 'initializing': truncation from 'double' to 'GLfloat'
C:\Users\Gonzalo\Documents\CS 330\Zip\7-1\CS330Content\CS330Content\3DShapes\ShapeMeshes.cpp(551,56): warning C4305: 'initializing': truncation from 'double' to 'GLfloat'
C:\Users\Gonzalo\Documents\CS 330\Zip\7-1\CS330Content\CS330Content\3DShapes\ShapeMeshes.cpp(552,57): warning C4305: 'initializing': truncation from 'double' to 'GLfloat'
C:\Users\Gonzalo\Documents\CS 330\Zip\7-1\CS330Content\CS330Content\3DShapes\ShapeMeshes.cpp(553,57): warning C4305: 'initializing': truncation from 'double' to 'GLfloat'
C:\Users\Gonzalo\Documents\CS 330\Zip\7-1\CS330Content\CS330Content\3DShapes\ShapeMeshes.cpp(554,57): warning C4305: 'initializing': truncation from 'double' to 'GLfloat'
C:\Users\Gonzalo\Documents\CS 330\Zip\7-1\CS330Content\CS330Content\3DShapes\ShapeMeshes.cpp(555,57): warning C4305: 'initializing': truncation from 'double' to 'GLfloat'
C:\Users\Gonzalo\Documents\CS 330\Zip\7-1\CS330Content\CS330Content\3DShapes\ShapeMeshes.cpp(556,57): warning C4305: 'initializing': truncation from 'double' to 'GLfloat'
C:\Users\Gonzalo\Documents\CS 330\Zip\7-1\CS330Content\CS330Content\3DShapes\ShapeMeshes.cpp(557,57): warning C4305: 'initializing': truncation from 'double' to 'GLfloat'
C:\Users\Gonzalo\Documents\CS 330\Zip\7-1\CS330Content\CS330Content\3DShapes\ShapeMeshes.cpp(559,57): warning C4305: 'initializing': truncation from 'double' to 'GLfloat'
C:\Users\Gonzalo\Documents\CS 330\Zip\7-1\CS330Content\CS330Content\3DShapes\ShapeMeshes.cpp(854,12): warning C4305: 'initializing': truncation from 'double' to 'GLfloat'
C:\Users\Gonzalo\Documents\CS 330\Zip\7-1\CS330Content\CS330Content\3DShapes\ShapeMeshes.cpp(863,13): warning C4305: 'initializing': truncation from 'double' to 'GLfloat'
C:\Users\Gonzalo\Documents\CS 330\Zip\7-1\CS330Content\CS330Content\3DShapes\ShapeMeshes.cpp(991,3): warning C4305: 'initializing': truncation from 'double' to 'GLfloat'
C:\Users\Gonzalo\Documents\CS 330\Zip\7-1\CS330Content\CS330Content\3DShapes\ShapeMeshes.cpp(1106,12): warning C4305: 'initializing': truncation from 'double' to 'GLfloat'
C:\Users\Gonzalo\Documents\CS 330\Zip\7-1\CS330Content\CS330Content\3DShapes\ShapeMeshes.cpp(1115,13): warning C4305: 'initializing': truncation from 'double' to 'GLfloat'
C:\Users\Gonzalo\Documents\CS 330\Zip\7-1\CS330Content\CS330Content\3DShapes\ShapeMeshes.cpp(1680,11): warning C4101: 'v': unreferenced local variable
C:\Users\Gonzalo\Documents\CS 330\Zip\7-1\CS330Content\CS330Content\3DShapes\ShapeMeshes.cpp(1680,8): warning C4101: 'u': unreferenced local variable
C:\Users\Gonzalo\Documents\CS 330\Zip\7-1\CS330Content\CS330Content\3DShapes\ShapeMeshes.cpp(1811,22): warning C4305: 'initializing': truncation from 'double' to 'GLfloat'
C:\Users\Gonzalo\Documents\CS 330\Zip\7-1\CS330Content\CS330Content\3DShapes\ShapeMeshes.cpp(1812,22): warning C4305: 'initializing': truncation from 'double' to 'GLfloat'
C:\Users\Gonzalo\Documents\CS 330\Zip\7-1\CS330Content\CS330Content\3DShapes\ShapeMeshes.cpp(1813,24): warning C4305: 'initializing': truncation from 'double' to 'GLfloat'
C:\Users\Gonzalo\Documents\CS 330\Zip\7-1\CS330Content\CS330Content\3DShapes\ShapeMeshes.cpp(1813,58): warning C4305: 'initializing': truncation from 'double' to 'GLfloat'
C:\Users\Gonzalo\Documents\CS 330\Zip\7-1\CS330Content\CS330Content\3DShapes\ShapeMeshes.cpp(1814,22): warning C4305: 'initializing': truncation from 'double' to 'GLfloat'
C:\Users\Gonzalo\Documents\CS 330\Zip\7-1\CS330Content\CS330Content\3DShapes\ShapeMeshes.cpp(1815,24): warning C4305: 'initializing': truncation from 'double' to 'GLfloat'
C:\Users\Gonzalo\Documents\CS 330\Zip\7-1\CS330Content\CS330Content\3DShapes\ShapeMeshes.cpp(1815,59): warning C4305: 'initializing': truncation from 'double' to 'GLfloat'
C:\Users\Gonzalo\Documents\CS 330\Zip\7-1\CS330Content\CS330Content\3DShapes\ShapeMeshes.cpp(1816,24): warning C4305: 'initializing': truncation from 'double' to 'GLfloat'
C:\Users\Gonzalo\Documents\CS 330\Zip\7-1\CS330Content\CS330Content\3DShapes\ShapeMeshes.cpp(1816,58): warning C4305: 'initializing': truncation from 'double' to 'GLfloat'
C:\Users\Gonzalo\Documents\CS 330\Zip\7-1\CS330Content\CS330Content\3DShapes\ShapeMeshes.cpp(1817,59): warning C4305: 'initializing': truncation from 'double' to 'GLfloat'
C:\Users\Gonzalo\Documents\CS 330\Zip\7-1\CS330Content\CS330Content\3DShapes\ShapeMeshes.cpp(1818,59): warning C4305: 'initializing': truncation from 'double' to 'GLfloat'
C:\Users\Gonzalo\Documents\CS 330\Zip\7-1\CS330Content\CS330Content\3DShapes\ShapeMeshes.cpp(1819,59): warning C4305: 'initializing': truncation from 'double' to 'GLfloat'
C:\Users\Gonzalo\Documents\CS 330\Zip\7-1\CS330Content\CS330Content\3DShapes\ShapeMeshes.cpp(1820,59): warning C4305: 'initializing': truncation from 'double' to 'GLfloat'
C:\Users\Gonzalo\Documents\CS 330\Zip\7-1\CS330Content\CS330Content\3DShapes\ShapeMeshes.cpp(1821,58): warning C4305: 'initializing': truncation from 'double' to 'GLfloat'
C:\Users\Gonzalo\Documents\CS 330\Zip\7-1\CS330Content\CS330Content\3DShapes\ShapeMeshes.cpp(1822,59): warning C4305: 'initializing': truncation from 'double' to 'GLfloat'
C:\Users\Gonzalo\Documents\CS 330\Zip\7-1\CS330Content\CS330Content\3DShapes\ShapeMeshes.cpp(1823,59): warning C4305: 'initializing': truncation from 'double' to 'GLfloat'
C:\Users\Gonzalo\Documents\CS 330\Zip\7-1\CS330Content\CS330Content\3DShapes\ShapeMeshes.cpp(1824,58): warning C4305: 'initializing': truncation from 'double' to 'GLfloat'
C:\Users\Gonzalo\Documents\CS 330\Zip\7-1\CS330Content\CS330Content\3DShapes\ShapeMeshes.cpp(1825,59): warning C4305: 'initializing': truncation from 'double' to 'GLfloat'
C:\Users\Gonzalo\Documents\CS 330\Zip\7-1\CS330Content\CS330Content\3DShapes\ShapeMeshes.cpp(1826,59): warning C4305: 'initializing': truncation from 'double' to 'GLfloat'
C:\Users\Gonzalo\Documents\CS 330\Zip\7-1\CS330Content\CS330Content\3DShapes\ShapeMeshes.cpp(1827,59): warning C4305: 'initializing': truncation from 'double' to 'GLfloat'
C:\Users\Gonzalo\Documents\CS 330\Zip\7-1\CS330Content\CS330Content\3DShapes\ShapeMeshes.cpp(1828,59): warning C4305: 'initializing': truncation from 'double' to 'GLfloat'
C:\Users\Gonzalo\Documents\CS 330\Zip\7-1\CS330Content\CS330Content\3DShapes\ShapeMeshes.cpp(1829,59): warning C4305: 'initializing': truncation from 'double' to 'GLfloat'
C:\Users\Gonzalo\Documents\CS 330\Zip\7-1\CS330Content\CS330Content\3DShapes\ShapeMeshes.cpp(1830,59): warning C4305: 'initializing': truncation from 'double' to 'GLfloat'
C:\Users\Gonzalo\Documents\CS 330\Zip\7-1\CS330Content\CS330Content\3DShapes\ShapeMeshes.cpp(1831,59): warning C4305: 'initializing': truncation from 'double' to 'GLfloat'
C:\Users\Gonzalo\Documents\CS 330\Zip\7-1\CS330Content\CS330Content\3DShapes\ShapeMeshes.cpp(1832,59): warning C4305: 'initializing': truncation from 'double' to 'GLfloat'
C:\Users\Gonzalo\Documents\CS 330\Zip\7-1\CS330Content\CS330Content\3DShapes\ShapeMeshes.cpp(1833,58): warning C4305: 'initializing': truncation from 'double' to 'GLfloat'
C:\Users\Gonzalo\Documents\CS 330\Zip\7-1\CS330Content\CS330Content\3DShapes\ShapeMeshes.cpp(1834,59): warning C4305: 'initializing': truncation from 'double' to 'GLfloat'
C:\Users\Gonzalo\Documents\CS 330\Zip\7-1\CS330Content\CS330Content\3DShapes\ShapeMeshes.cpp(1835,59): warning C4305: 'initializing': truncation from 'double' to 'GLfloat'
C:\Users\Gonzalo\Documents\CS 330\Zip\7-1\CS330Content\CS330Content\3DShapes\ShapeMeshes.cpp(1836,58): warning C4305: 'initializing': truncation from 'double' to 'GLfloat'
C:\Users\Gonzalo\Documents\CS 330\Zip\7-1\CS330Content\CS330Content\3DShapes\ShapeMeshes.cpp(1837,59): warning C4305: 'initializing': truncation from 'double' to 'GLfloat'
C:\Users\Gonzalo\Documents\CS 330\Zip\7-1\CS330Content\CS330Content\3DShapes\ShapeMeshes.cpp(1838,59): warning C4305: 'initializing': truncation from 'double' to 'GLfloat'
C:\Users\Gonzalo\Documents\CS 330\Zip\7-1\CS330Content\CS330Content\3DShapes\ShapeMeshes.cpp(1839,59): warning C4305: 'initializing': truncation from 'double' to 'GLfloat'
C:\Users\Gonzalo\Documents\CS 330\Zip\7-1\CS330Content\CS330Content\3DShapes\ShapeMeshes.cpp(1840,59): warning C4305: 'initializing': truncation from 'double' to 'GLfloat'
C:\Users\Gonzalo\Documents\CS 330\Zip\7-1\CS330Content\CS330Content\3DShapes\ShapeMeshes.cpp(1841,59): warning C4305: 'initializing': truncation from 'double' to 'GLfloat'
C:\Users\Gonzalo\Documents\CS 330\Zip\7-1\CS330Content\CS330Content\3DShapes\ShapeMeshes.cpp(1842,59): warning C4305: 'initializing': truncation from 'double' to 'GLfloat'
C:\Users\Gonzalo\Documents\CS 330\Zip\7-1\CS330Content\CS330Content\3DShapes\ShapeMeshes.cpp(1843,59): warning C4305: 'initializing': truncation from 'double' to 'GLfloat'
C:\Users\Gonzalo\Documents\CS 330\Zip\7-1\CS330Content\CS330Content\3DShapes\ShapeMeshes.cpp(1844,59): warning C4305: 'initializing': truncation from 'double' to 'GLfloat'
C:\Users\Gonzalo\Documents\CS 330\Zip\7-1\CS330Content\CS330Content\3DShapes\ShapeMeshes.cpp(1845,58): warning C4305: 'initializing': truncation from 'double' to 'GLfloat'
C:\Users\Gonzalo\Documents\CS 330\Zip\7-1\CS330Content\CS330Content\3DShapes\ShapeMeshes.cpp(1846,59): warning C4305: 'initializing': truncation from 'double' to 'GLfloat'
C:\Users\Gonzalo\Documents\CS 330\Zip\7-1\CS330Content\CS330Content\3DShapes\ShapeMeshes.cpp(1847,59): warning C4305: 'initializing': truncation from 'double' to 'GLfloat'
C:\Users\Gonzalo\Documents\CS 330\Zip\7-1\CS330Content\CS330Content\3DShapes\ShapeMeshes.cpp(1848,59): warning C4305: 'initializing': truncation from 'double' to 'GLfloat'
C:\Users\Gonzalo\Documents\CS 330\Zip\7-1\CS330Content\CS330Content\3DShapes\ShapeMeshes.cpp(1849,60): warning C4305: 'initializing': truncation from 'double' to 'GLfloat'
C:\Users\Gonzalo\Documents\CS 330\Zip\7-1\CS330Content\CS330Content\3DShapes\ShapeMeshes.cpp(1850,59): warning C4305: 'initializing': truncation from 'double' to 'GLfloat'
C:\Users\Gonzalo\Documents\CS 330\Zip\7-1\CS330Content\CS330Content\3DShapes\ShapeMeshes.cpp(1851,61): warning C4305: 'initializing': truncation from 'double' to 'GLfloat'
C:\Users\Gonzalo\Documents\CS 330\Zip\7-1\CS330Content\CS330Content\3DShapes\ShapeMeshes.cpp(1852,60): warning C4305: 'initializing': truncation from 'double' to 'GLfloat'
C:\Users\Gonzalo\Documents\CS 330\Zip\7-1\CS330Content\CS330Content\3DShapes\ShapeMeshes.cpp(1853,60): warning C4305: 'initializing': truncation from 'double' to 'GLfloat'
C:\Users\Gonzalo\Documents\CS 330\Zip\7-1\CS330Content\CS330Content\3DShapes\ShapeMeshes.cpp(1854,61): warning C4305: 'initializing': truncation from 'double' to 'GLfloat'
C:\Users\Gonzalo\Documents\CS 330\Zip\7-1\CS330Content\CS330Content\3DShapes\ShapeMeshes.cpp(1855,60): warning C4305: 'initializing': truncation from 'double' to 'GLfloat'
C:\Users\Gonzalo\Documents\CS 330\Zip\7-1\CS330Content\CS330Content\3DShapes\ShapeMeshes.cpp(1856,60): warning C4305: 'initializing': truncation from 'double' to 'GLfloat'
C:\Users\Gonzalo\Documents\CS 330\Zip\7-1\CS330Content\CS330Content\3DShapes\ShapeMeshes.cpp(1857,60): warning C4305: 'initializing': truncation from 'double' to 'GLfloat'
C:\Users\Gonzalo\Documents\CS 330\Zip\7-1\CS330Content\CS330Content\3DShapes\ShapeMeshes.cpp(1858,60): warning C4305: 'initializing': truncation from 'double' to 'GLfloat'
C:\Users\Gonzalo\Documents\CS 330\Zip\7-1\CS330Content\CS330Content\3DShapes\ShapeMeshes.cpp(1859,61): warning C4305: 'initializing': truncation from 'double' to 'GLfloat'
C:\Users\Gonzalo\Documents\CS 330\Zip\7-1\CS330Content\CS330Content\3DShapes\ShapeMeshes.cpp(1860,60): warning C4305: 'initializing': truncation from 'double' to 'GLfloat'
C:\Users\Gonzalo\Documents\CS 330\Zip\7-1\CS330Content\CS330Content\3DShapes\ShapeMeshes.cpp(1861,60): warning C4305: 'initializing': truncation from 'double' to 'GLfloat'
C:\Users\Gonzalo\Documents\CS 330\Zip\7-1\CS330Content\CS330Content\3DShapes\ShapeMeshes.cpp(1862,61): warning C4305: 'initializing': truncation from 'double' to 'GLfloat'
C:\Users\Gonzalo\Documents\CS 330\Zip\7-1\CS330Content\CS330Content\3DShapes\ShapeMeshes.cpp(1863,61): warning C4305: 'initializing': truncation from 'double' to 'GLfloat'
C:\Users\Gonzalo\Documents\CS 330\Zip\7-1\CS330Content\CS330Content\3DShapes\ShapeMeshes.cpp(1864,60): warning C4305: 'initializing': truncation from 'double' to 'GLfloat'
C:\Users\Gonzalo\Documents\CS 330\Zip\7-1\CS330Content\CS330Content\3DShapes\ShapeMeshes.cpp(1865,60): warning C4305: 'initializing': truncation from 'double' to 'GLfloat'
C:\Users\Gonzalo\Documents\CS 330\Zip\7-1\CS330Content\CS330Content\3DShapes\ShapeMeshes.cpp(1866,61): warning C4305: 'initializing': truncation from 'double' to 'GLfloat'
C:\Users\Gonzalo\Documents\CS 330\Zip\7-1\CS330Content\CS330Content\3DShapes\ShapeMeshes.cpp(1867,61): warning C4305: 'initializing': truncation from 'double' to 'GLfloat'
C:\Users\Gonzalo\Documents\CS 330\Zip\7-1\CS330Content\CS330Content\3DShapes\ShapeMeshes.cpp(1868,60): warning C4305: 'initializing': truncation from 'double' to 'GLfloat'
C:\Users\Gonzalo\Documents\CS 330\Zip\7-1\CS330Content\CS330Content\3DShapes\ShapeMeshes.cpp(1869,60): warning C4305: 'initializing': truncation from 'double' to 'GLfloat'
C:\Users\Gonzalo\Documents\CS 330\Zip\7-1\CS330Content\CS330Content\3DShapes\ShapeMeshes.cpp(1870,61): warning C4305: 'initializing': truncation from 'double' to 'GLfloat'
C:\Users\Gonzalo\Documents\CS 330\Zip\7-1\CS330Content\CS330Content\3DShapes\ShapeMeshes.cpp(1871,61): warning C4305: 'initializing': truncation from 'double' to 'GLfloat'
C:\Users\Gonzalo\Documents\CS 330\Zip\7-1\CS330Content\CS330Content\3DShapes\ShapeMeshes.cpp(1872,60): warning C4305: 'initializing': truncation from 'double' to 'GLfloat'
C:\Users\Gonzalo\Documents\CS 330\Zip\7-1\CS330Content\CS330Content\3DShapes\ShapeMeshes.cpp(1873,60): warning C4305: 'initializing': truncation from 'double' to 'GLfloat'
C:\Users\Gonzalo\Documents\CS 330\Zip\7-1\CS330Content\CS330Content\3DShapes\ShapeMeshes.cpp(1874,61): warning C4305: 'initializing': truncation from 'double' to 'GLfloat'
C:\Users\Gonzalo\Documents\CS 330\Zip\7-1\CS330Content\CS330Content\3DShapes\ShapeMeshes.cpp(1875,60): warning C4305: 'initializing': truncation from 'double' to 'GLfloat'
C:\Users\Gonzalo\Documents\CS 330\Zip\7-1\CS330Content\CS330Content\3DShapes\ShapeMeshes.cpp(1876,60): warning C4305: 'initializing': truncation from 'double' to 'GLfloat'
C:\Users\Gonzalo\Documents\CS 330\Zip\7-1\CS330Content\CS330Content\3DShapes\ShapeMeshes.cpp(1877,60): warning C4305: 'initializing': truncation from 'double' to 'GLfloat'
C:\Users\Gonzalo\Documents\CS 330\Zip\7-1\CS330Content\CS330Content\3DShapes\ShapeMeshes.cpp(1878,60): warning C4305: 'initializing': truncation from 'double' to 'GLfloat'
C:\Users\Gonzalo\Documents\CS 330\Zip\7-1\CS330Content\CS330Content\3DShapes\ShapeMeshes.cpp(1879,61): warning C4305: 'initializing': truncation from 'double' to 'GLfloat'
C:\Users\Gonzalo\Documents\CS 330\Zip\7-1\CS330Content\CS330Content\3DShapes\ShapeMeshes.cpp(1880,60): warning C4305: 'initializing': truncation from 'double' to 'GLfloat'
C:\Users\Gonzalo\Documents\CS 330\Zip\7-1\CS330Content\CS330Content\3DShapes\ShapeMeshes.cpp(1881,59): warning C4305: 'initializing': truncation from 'double' to 'GLfloat'
C:\Users\Gonzalo\Documents\CS 330\Zip\7-1\CS330Content\CS330Content\3DShapes\ShapeMeshes.cpp(1882,61): warning C4305: 'initializing': truncation from 'double' to 'GLfloat'
C:\Users\Gonzalo\Documents\CS 330\Zip\7-1\CS330Content\CS330Content\3DShapes\ShapeMeshes.cpp(1883,59): warning C4305: 'initializing': truncation from 'double' to 'GLfloat'
C:\Users\Gonzalo\Documents\CS 330\Zip\7-1\CS330Content\CS330Content\3DShapes\ShapeMeshes.cpp(1884,59): warning C4305: 'initializing': truncation from 'double' to 'GLfloat'
C:\Users\Gonzalo\Documents\CS 330\Zip\7-1\CS330Content\CS330Content\3DShapes\ShapeMeshes.cpp(1885,59): warning C4305: 'initializing': truncation from 'double' to 'GLfloat'
C:\Users\Gonzalo\Documents\CS 330\Zip\7-1\CS330Content\CS330Content\3DShapes\ShapeMeshes.cpp(1886,58): warning C4305: 'initializing': truncation from 'double' to 'GLfloat'
C:\Users\Gonzalo\Documents\CS 330\Zip\7-1\CS330Content\CS330Content\3DShapes\ShapeMeshes.cpp(1887,59): warning C4305: 'initializing': truncation from 'double' to 'GLfloat'
C:\Users\Gonzalo\Documents\CS 330\Zip\7-1\CS330Content\CS330Content\3DShapes\ShapeMeshes.cpp(1888,59): warning C4305: 'initializing': truncation from 'double' to 'GLfloat'
C:\Users\Gonzalo\Documents\CS 330\Zip\7-1\CS330Content\CS330Content\3DShapes\ShapeMeshes.cpp(1889,59): warning C4305: 'initializing': truncation from 'double' to 'GLfloat'
C:\Users\Gonzalo\Documents\CS 330\Zip\7-1\CS330Content\CS330Content\3DShapes\ShapeMeshes.cpp(1890,59): warning C4305: 'initializing': truncation from 'double' to 'GLfloat'
C:\Users\Gonzalo\Documents\CS 330\Zip\7-1\CS330Content\CS330Content\3DShapes\ShapeMeshes.cpp(1891,59): warning C4305: 'initializing': truncation from 'double' to 'GLfloat'
C:\Users\Gonzalo\Documents\CS 330\Zip\7-1\CS330Content\CS330Content\3DShapes\ShapeMeshes.cpp(1892,59): warning C4305: 'initializing': truncation from 'double' to 'GLfloat'
C:\Users\Gonzalo\Documents\CS 330\Zip\7-1\CS330Content\CS330Content\3DShapes\ShapeMeshes.cpp(1893,58): warning C4305: 'initializing': truncation from 'double' to 'GLfloat'
C:\Users\Gonzalo\Documents\CS 330\Zip\7-1\CS330Content\CS330Content\3DShapes\ShapeMeshes.cpp(1894,59): warning C4305: 'initializing': truncation from 'double' to 'GLfloat'
C:\Users\Gonzalo\Documents\CS 330\Zip\7-1\CS330Content\CS330Content\3DShapes\ShapeMeshes.cpp(1895,59): warning C4305: 'initializing': truncation from 'double' to 'GLfloat'
C:\Users\Gonzalo\Documents\CS 330\Zip\7-1\CS330Content\CS330Content\3DShapes\ShapeMeshes.cpp(1896,58): warning C4305: 'initializing': truncation from 'double' to 'GLfloat'
C:\Users\Gonzalo\Documents\CS 330\Zip\7-1\CS330Content\CS330Content\3DShapes\ShapeMeshes.cpp(1897,59): warning C4305: 'initializing': truncation from 'double' to 'GLfloat'
C:\Users\Gonzalo\Documents\CS 330\Zip\7-1\CS330Content\CS330Content\3DShapes\ShapeMeshes.cpp(1898,59): warning C4305: 'initializing': truncation from 'double' to 'GLfloat'
C:\Users\Gonzalo\Documents\CS 330\Zip\7-1\CS330Content\CS330Content\3DShapes\ShapeMeshes.cpp(1899,59): warning C4305: 'initializing': truncation from 'double' to 'GLfloat'
C:\Users\Gonzalo\Documents\CS 330\Zip\7-1\CS330Content\CS330Content\3DShapes\ShapeMeshes.cpp(1900,59): warning C4305: 'initializing': truncation from 'double' to 'GLfloat'
C:\Users\Gonzalo\Documents\CS 330\Zip\7-1\CS330Content\CS330Content\3DShapes\ShapeMeshes.cpp(1901,59): warning C4305: 'initializing': truncation from 'double' to 'GLfloat'
C:\Users\Gonzalo\Documents\CS 330\Zip\7-1\CS330Content\CS330Content\3DShapes\ShapeMeshes.cpp(1902,59): warning C4305: 'initializing': truncation from 'double' to 'GLfloat'
C:\Users\Gonzalo\Documents\CS 330\Zip\7-1\CS330Content\CS330Content\3DShapes\ShapeMeshes.cpp(1903,59): warning C4305: 'initializing': truncation from 'double' to 'GLfloat'
C:\Users\Gonzalo\Documents\CS 330\Zip\7-1\CS330Content\CS330Content\3DShapes\ShapeMeshes.cpp(1904,59): warning C4305: 'initializing': truncation from 'double' to 'GLfloat'
C:\Users\Gonzalo\Documents\CS 330\Zip\7-1\CS330Content\CS330Content\3DShapes\ShapeMeshes.cpp(1905,58): warning C4305: 'initializing': truncation from 'double' to 'GLfloat'
C:\Users\Gonzalo\Documents\CS 330\Zip\7-1\CS330Content\CS330Content\3DShapes\ShapeMeshes.cpp(1906,59): warning C4305: 'initializing': truncation from 'double' to 'GLfloat'
C:\Users\Gonzalo\Documents\CS 330\Zip\7-1\CS330Content\CS330Content\3DShapes\ShapeMeshes.cpp(1907,59): warning C4305: 'initializing': truncation from 'double' to 'GLfloat'
C:\Users\Gonzalo\Documents\CS 330\Zip\7-1\CS330Content\CS330Content\3DShapes\ShapeMeshes.cpp(1908,58): warning C4305: 'initializing': truncation from 'double' to 'GLfloat'
C:\Users\Gonzalo\Documents\CS 330\Zip\7-1\CS330Content\CS330Content\3DShapes\ShapeMeshes.cpp(1909,59): warning C4305: 'initializing': truncation from 'double' to 'GLfloat'
C:\Users\Gonzalo\Documents\CS 330\Zip\7-1\CS330Content\CS330Content\3DShapes\ShapeMeshes.cpp(1910,59): warning C4305: 'initializing': truncation from 'double' to 'GLfloat'
C:\Users\Gonzalo\Documents\CS 330\Zip\7-1\CS330Content\CS330Content\3DShapes\ShapeMeshes.cpp(1911,59): warning C4305: 'initializing': truncation from 'double' to 'GLfloat'
C:\Users\Gonzalo\Documents\CS 330\Zip\7-1\CS330Content\CS330Content\3DShapes\ShapeMeshes.cpp(1912,59): warning C4305: 'initializing': truncation from 'double' to 'GLfloat'
C:\Users\Gonzalo\Documents\CS 330\Zip\7-1\CS330Content\CS330Content\3DShapes\ShapeMeshes.cpp(1913,59): warning C4305: 'initializing': truncation from 'double' to 'GLfloat'
C:\Users\Gonzalo\Documents\CS 330\Zip\7-1\CS330Content\CS330Content\3DShapes\ShapeMeshes.cpp(1914,59): warning C4305: 'initializing': truncation from 'double' to 'GLfloat'
C:\Users\Gonzalo\Documents\CS 330\Zip\7-1\CS330Content\CS330Content\3DShapes\ShapeMeshes.cpp(1915,59): warning C4305: 'initializing': truncation from 'double' to 'GLfloat'
C:\Users\Gonzalo\Documents\CS 330\Zip\7-1\CS330Content\CS330Content\3DShapes\ShapeMeshes.cpp(1916,59): warning C4305: 'initializing': truncation from 'double' to 'GLfloat'
C:\Users\Gonzalo\Documents\CS 330\Zip\7-1\CS330Content\CS330Content\3DShapes\ShapeMeshes.cpp(1917,57): warning C4305: 'initializing': truncation from 'double' to 'GLfloat'
C:\Users\Gonzalo\Documents\CS 330\Zip\7-1\CS330Content\CS330Content\3DShapes\ShapeMeshes.cpp(1918,59): warning C4305: 'initializing': truncation from 'double' to 'GLfloat'
C:\Users\Gonzalo\Documents\CS 330\Zip\7-1\CS330Content\CS330Content\3DShapes\ShapeMeshes.cpp(1919,57): warning C4305: 'initializing': truncation from 'double' to 'GLfloat'
C:\Users\Gonzalo\Documents\CS 330\Zip\7-1\CS330Content\CS330Content\3DShapes\ShapeMeshes.cpp(1920,57): warning C4305: 'initializing': truncation from 'double' to 'GLfloat'
C:\Users\Gonzalo\Documents\CS 330\Zip\7-1\CS330Content\CS330Content\3DShapes\ShapeMeshes.cpp(1921,57): warning C4305: 'initializing': truncation from 'double' to 'GLfloat'
C:\Users\Gonzalo\Documents\CS 330\Zip\7-1\CS330Content\CS330Content\3DShapes\ShapeMeshes.cpp(1922,56): warning C4305: 'initializing': truncation from 'double' to 'GLfloat'
C:\Users\Gonzalo\Documents\CS 330\Zip\7-1\CS330Content\CS330Content\3DShapes\ShapeMeshes.cpp(1923,58): warning C4305: 'initializing': truncation from 'double' to 'GLfloat'
C:\Users\Gonzalo\Documents\CS 330\Zip\7-1\CS330Content\CS330Content\3DShapes\ShapeMeshes.cpp(1924,57): warning C4305: 'initializing': truncation from 'double' to 'GLfloat'
C:\Users\Gonzalo\Documents\CS 330\Zip\7-1\CS330Content\CS330Content\3DShapes\ShapeMeshes.cpp(1925,57): warning C4305: 'initializing': truncation from 'double' to 'GLfloat'
C:\Users\Gonzalo\Documents\CS 330\Zip\7-1\CS330Content\CS330Content\3DShapes\ShapeMeshes.cpp(1926,58): warning C4305: 'initializing': truncation from 'double' to 'GLfloat'
C:\Users\Gonzalo\Documents\CS 330\Zip\7-1\CS330Content\CS330Content\3DShapes\ShapeMeshes.cpp(1927,57): warning C4305: 'initializing': truncation from 'double' to 'GLfloat'
C:\Users\Gonzalo\Documents\CS 330\Zip\7-1\CS330Content\CS330Content\3DShapes\ShapeMeshes.cpp(1928,57): warning C4305: 'initializing': truncation from 'double' to 'GLfloat'
C:\Users\Gonzalo\Documents\CS 330\Zip\7-1\CS330Content\CS330Content\3DShapes\ShapeMeshes.cpp(1929,56): warning C4305: 'initializing': truncation from 'double' to 'GLfloat'
C:\Users\Gonzalo\Documents\CS 330\Zip\7-1\CS330Content\CS330Content\3DShapes\ShapeMeshes.cpp(1930,57): warning C4305: 'initializing': truncation from 'double' to 'GLfloat'
C:\Users\Gonzalo\Documents\CS 330\Zip\7-1\CS330Content\CS330Content\3DShapes\ShapeMeshes.cpp(1931,58): warning C4305: 'initializing': truncation from 'double' to 'GLfloat'
C:\Users\Gonzalo\Documents\CS 330\Zip\7-1\CS330Content\CS330Content\3DShapes\ShapeMeshes.cpp(1932,56): warning C4305: 'initializing': truncation from 'double' to 'GLfloat'
C:\Users\Gonzalo\Documents\CS 330\Zip\7-1\CS330Content\CS330Content\3DShapes\ShapeMeshes.cpp(1933,57): warning C4305: 'initializing': truncation from 'double' to 'GLfloat'
C:\Users\Gonzalo\Documents\CS 330\Zip\7-1\CS330Content\CS330Content\3DShapes\ShapeMeshes.cpp(1934,58): warning C4305: 'initializing': truncation from 'double' to 'GLfloat'
C:\Users\Gonzalo\Documents\CS 330\Zip\7-1\CS330Content\CS330Content\3DShapes\ShapeMeshes.cpp(1935,58): warning C4305: 'initializing': truncation from 'double' to 'GLfloat'
C:\Users\Gonzalo\Documents\CS 330\Zip\7-1\CS330Content\CS330Content\3DShapes\ShapeMeshes.cpp(1936,57): warning C4305: 'initializing': truncation from 'double' to 'GLfloat'
C:\Users\Gonzalo\Documents\CS 330\Zip\7-1\CS330Content\CS330Content\3DShapes\ShapeMeshes.cpp(1937,57): warning C4305: 'initializing': truncation from 'double' to 'GLfloat'
C:\Users\Gonzalo\Documents\CS 330\Zip\7-1\CS330Content\CS330Content\3DShapes\ShapeMeshes.cpp(1938,58): warning C4305: 'initializing': truncation from 'double' to 'GLfloat'
C:\Users\Gonzalo\Documents\CS 330\Zip\7-1\CS330Content\CS330Content\3DShapes\ShapeMeshes.cpp(1939,58): warning C4305: 'initializing': truncation from 'double' to 'GLfloat'
C:\Users\Gonzalo\Documents\CS 330\Zip\7-1\CS330Content\CS330Content\3DShapes\ShapeMeshes.cpp(1940,57): warning C4305: 'initializing': truncation from 'double' to 'GLfloat'
C:\Users\Gonzalo\Documents\CS 330\Zip\7-1\CS330Content\CS330Content\3DShapes\ShapeMeshes.cpp(1941,56): warning C4305: 'initializing': truncation from 'double' to 'GLfloat'
C:\Users\Gonzalo\Documents\CS 330\Zip\7-1\CS330Content\CS330Content\3DShapes\ShapeMeshes.cpp(1942,58): warning C4305: 'initializing': truncation from 'double' to 'GLfloat'
C:\Users\Gonzalo\Documents\CS 330\Zip\7-1\CS330Content\CS330Content\3DShapes\ShapeMeshes.cpp(1943,58): warning C4305: 'initializing': truncation from 'double' to 'GLfloat'
C:\Users\Gonzalo\Documents\CS 330\Zip\7-1\CS330Content\CS330Content\3DShapes\ShapeMeshes.cpp(1944,56): warning C4305: 'initializing': truncation from 'double' to 'GLfloat'
C:\Users\Gonzalo\Documents\CS 330\Zip\7-1\CS330Content\CS330Content\3DShapes\ShapeMeshes.cpp(1945,57): warning C4305: 'initializing': truncation from 'double' to 'GLfloat'
C:\Users\Gonzalo\Documents\CS 330\Zip\7-1\CS330Content\CS330Content\3DShapes\ShapeMeshes.cpp(1946,58): warning C4305: 'initializing': truncation from 'double' to 'GLfloat'
C:\Users\Gonzalo\Documents\CS 330\Zip\7-1\CS330Content\CS330Content\3DShapes\ShapeMeshes.cpp(1947,57): warning C4305: 'initializing': truncation from 'double' to 'GLfloat'
C:\Users\Gonzalo\Documents\CS 330\Zip\7-1\CS330Content\CS330Content\3DShapes\ShapeMeshes.cpp(1948,57): warning C4305: 'initializing': truncation from 'double' to 'GLfloat'
C:\Users\Gonzalo\Documents\CS 330\Zip\7-1\CS330Content\CS330Content\3DShapes\ShapeMeshes.cpp(1949,57): warning C4305: 'initializing': truncation from 'double' to 'GLfloat'
C:\Users\Gonzalo\Documents\CS 330\Zip\7-1\CS330Content\CS330Content\3DShapes\ShapeMeshes.cpp(1950,57): warning C4305: 'initializing': truncation from 'double' to 'GLfloat'
C:\Users\Gonzalo\Documents\CS 330\Zip\7-1\CS330Content\CS330Content\3DShapes\ShapeMeshes.cpp(1951,58): warning C4305: 'initializing': truncation from 'double' to 'GLfloat'
C:\Users\Gonzalo\Documents\CS 330\Zip\7-1\CS330Content\CS330Content\3DShapes\ShapeMeshes.cpp(1952,57): warning C4305: 'initializing': truncation from 'double' to 'GLfloat'
C:\Users\Gonzalo\Documents\CS 330\Zip\7-1\CS330Content\CS330Content\3DShapes\ShapeMeshes.cpp(1954,58): warning C4305: 'initializing': truncation from 'double' to 'GLfloat'
C:\Users\Gonzalo\Documents\CS 330\Zip\7-1\CS330Content\CS330Content\3DShapes\ShapeMeshes.cpp(2046,23): warning C4244: 'initializing': conversion from 'double' to 'float', possible loss of data
C:\Users\Gonzalo\Documents\CS 330\Zip\7-1\CS330Content\CS330Content\3DShapes\ShapeMeshes.cpp(2047,21): warning C4244: 'initializing': conversion from 'double' to 'float', possible loss of data
C:\Users\Gonzalo\Documents\CS 330\Zip\7-1\CS330Content\CS330Content\3DShapes\ShapeMeshes.cpp(2137,20): warning C4018: '<': signed/unsigned mismatch
  7-1_FinalProjectMilestones.vcxproj -> C:\Users\Gonzalo\Documents\CS 330\Zip\7-1\CS330Content\CS330Content\Projects\7-1_FinalProjectMilestones\Debug\7-1_FinalProjectMilestones.exe
